生成启动时间为 2018/3/30/周五 20:26:44。
     1>项目“D:\Dev\megacal\megasectcal\megasectcal\megasectcal.vcxproj”在节点 2 上(build 个目标)。
     1>C:\Program Files (x86)\MSBuild\Microsoft.Cpp\v4.0\Microsoft.CppBuild.targets(299,5): warning MSB8004: Output 目录未以斜杠结尾。此生成实例将添加斜杠，因为必须有这个斜杠才能正确计算 Output 目录。
     1>InitializeBuildStatus:
         正在创建“Debug\megasectcal.unsuccessfulbuild”，因为已指定“AlwaysCreate”。
       ClCompile:
         所有输出均为最新。
         所有输出均为最新。
         所有输出均为最新。
       ResourceCompile:
         所有输出均为最新。
       ManifestResourceCompile:
         所有输出均为最新。
       Link:
         所有输出均为最新。
       Manifest:
         C:\Program Files (x86)\Microsoft SDKs\Windows\v7.0A\bin\mt.exe /nologo /verbose /out:"Debug\megasectcalD.dll.embed.manifest" /manifest Debug\megasectcalD.dll.intermediate.manifest "D:\Program Files (x86)\Microsoft Visual Studio 10.0\VC\Include\Manifest\dpiaware.manifest"
         所有输出均为最新。
       FinalizeBuildStatus:
         正在删除文件“Debug\megasectcal.unsuccessfulbuild”。
         正在对“Debug\megasectcal.lastbuildstate”执行 Touch 任务。
     1>已完成生成项目“D:\Dev\megacal\megasectcal\megasectcal\megasectcal.vcxproj”(build 个目标)的操作。

生成成功。

已用时间 00:00:00.28
