D:\0000北京构力\产品\COL\GSEC_MEGACOLUMN\MEGACAL\MEGASECTCAL\MEGASECTCAL\DEBUG\AISC.OBJ
D:\0000北京构力\产品\COL\GSEC_MEGACOLUMN\MEGACAL\MEGASECTCAL\MEGASECTCAL\DEBUG\CFGSVR.OBJ
D:\0000北京构力\产品\COL\GSEC_MEGACOLUMN\MEGACAL\MEGASECTCAL\MEGASECTCAL\DEBUG\CHINESECODE.OBJ
D:\0000北京构力\产品\Col\Gsec_MegaColumn\megacal\megasectcal\megasectcal\Debug\cl.command.1.tlog
D:\0000北京构力\产品\Col\Gsec_MegaColumn\megacal\megasectcal\megasectcal\Debug\CL.read.1.tlog
D:\0000北京构力\产品\Col\Gsec_MegaColumn\megacal\megasectcal\megasectcal\Debug\CL.write.1.tlog
D:\0000北京构力\产品\COL\GSEC_MEGACOLUMN\MEGACAL\MEGASECTCAL\MEGASECTCAL\DEBUG\CONFIGGEN.OBJ
D:\0000北京构力\产品\COL\GSEC_MEGACOLUMN\MEGACAL\MEGASECTCAL\MEGASECTCAL\DEBUG\EUROCODE.OBJ
D:\0000北京构力\产品\COL\GSEC_MEGACOLUMN\MEGACAL\MEGASECTCAL\MEGASECTCAL\DEBUG\FIBREMETHOD.OBJ
D:\0000北京构力\产品\COL\GSEC_MEGACOLUMN\MEGACAL\MEGASECTCAL\MEGASECTCAL\DEBUG\FORCE_COMBINE.OBJ
D:\0000北京构力\产品\COL\GSEC_MEGACOLUMN\MEGACAL\MEGASECTCAL\MEGASECTCAL\DEBUG\GLOBALRESULT.OBJ
D:\0000北京构力\产品\COL\GSEC_MEGACOLUMN\MEGACAL\MEGASECTCAL\MEGASECTCAL\DEBUG\GPARA.OBJ
D:\0000北京构力\产品\COL\GSEC_MEGACOLUMN\MEGACAL\MEGASECTCAL\MEGASECTCAL\DEBUG\GREPORT.OBJ
D:\0000北京构力\产品\COL\GSEC_MEGACOLUMN\MEGACAL\MEGASECTCAL\MEGASECTCAL\DEBUG\INFOITEM.OBJ
D:\0000北京构力\产品\COL\GSEC_MEGACOLUMN\MEGACAL\MEGASECTCAL\MEGASECTCAL\DEBUG\INTERFACECHECK.OBJ
D:\0000北京构力\产品\COL\GSEC_MEGACOLUMN\MEGACAL\MEGASECTCAL\MEGASECTCAL\DEBUG\INTERFACEHEADER_CPP.OBJ
D:\0000北京构力\产品\COL\GSEC_MEGACOLUMN\MEGACAL\MEGASECTCAL\MEGASECTCAL\DEBUG\JSONCPP.OBJ
D:\0000北京构力\产品\Col\Gsec_MegaColumn\megacal\megasectcal\megasectcal\Debug\link.command.1.tlog
D:\0000北京构力\产品\Col\Gsec_MegaColumn\megacal\megasectcal\megasectcal\Debug\link.read.1.tlog
D:\0000北京构力\产品\Col\Gsec_MegaColumn\megacal\megasectcal\megasectcal\Debug\link.write.1.tlog
D:\0000北京构力\产品\Col\Gsec_MegaColumn\megacal\megasectcal\megasectcal\Debug\link-cvtres.read.1.tlog
D:\0000北京构力\产品\Col\Gsec_MegaColumn\megacal\megasectcal\megasectcal\Debug\link-cvtres.write.1.tlog
D:\0000北京构力\产品\COL\GSEC_MEGACOLUMN\MEGACAL\MEGASECTCAL\MEGASECTCAL\DEBUG\LOADDEF.OBJ
D:\0000北京构力\产品\COL\GSEC_MEGACOLUMN\MEGACAL\MEGASECTCAL\MEGASECTCAL\DEBUG\MEGACALCMD.OBJ
D:\0000北京构力\产品\COL\GSEC_MEGACOLUMN\MEGACAL\MEGASECTCAL\MEGASECTCAL\DEBUG\MEGACALINTERFACE.OBJ
D:\0000北京构力\产品\COL\GSEC_MEGACOLUMN\MEGACAL\MEGASECTCAL\MEGASECTCAL\DEBUG\MEGACALIO.OBJ
D:\0000北京构力\产品\COL\GSEC_MEGACOLUMN\MEGACAL\MEGASECTCAL\MEGASECTCAL\DEBUG\MEGACAPACITYCAL.OBJ
D:\0000北京构力\产品\COL\GSEC_MEGACOLUMN\MEGACAL\MEGASECTCAL\MEGASECTCAL\DEBUG\MEGADRAWINGIMP.OBJ
D:\0000北京构力\产品\COL\GSEC_MEGACOLUMN\MEGACAL\MEGASECTCAL\MEGASECTCAL\DEBUG\MEGASECTCAL.OBJ
D:\0000北京构力\产品\COL\GSEC_MEGACOLUMN\MEGACAL\MEGASECTCAL\MEGASECTCAL\DEBUG\MEGASECTCAL.RES
D:\0000北京构力\产品\Col\Gsec_MegaColumn\megacal\megasectcal\megasectcal\Debug\megasectcal.vcxprojResolveAssemblyReference.cache
D:\0000北京构力\产品\Col\Gsec_MegaColumn\megacal\megasectcal\megasectcal\Debug\megasectcal.write.1.tlog
D:\0000北京构力\产品\COL\GSEC_MEGACOLUMN\MEGACAL\MEGASECTCAL\MEGASECTCAL\DEBUG\MEGASECTCALD.DLL.EMBED.MANIFEST
D:\0000北京构力\产品\COL\GSEC_MEGACOLUMN\MEGACAL\MEGASECTCAL\MEGASECTCAL\DEBUG\MEGASECTCALD.DLL.EMBED.MANIFEST.RES
D:\0000北京构力\产品\COL\GSEC_MEGACOLUMN\MEGACAL\MEGASECTCAL\MEGASECTCAL\DEBUG\MEGASECTCALD.DLL.INTERMEDIATE.MANIFEST
D:\0000北京构力\产品\COL\GSEC_MEGACOLUMN\MEGACAL\MEGASECTCAL\MEGASECTCAL\DEBUG\MEGASECTCALD.PCH
D:\0000北京构力\产品\Col\Gsec_MegaColumn\megacal\megasectcal\megasectcal\Debug\megasectcalD_manifest.rc
D:\0000北京构力\产品\Col\Gsec_MegaColumn\megacal\megasectcal\megasectcal\Debug\mt.command.1.tlog
D:\0000北京构力\产品\Col\Gsec_MegaColumn\megacal\megasectcal\megasectcal\Debug\mt.read.1.tlog
D:\0000北京构力\产品\Col\Gsec_MegaColumn\megacal\megasectcal\megasectcal\Debug\mt.write.1.tlog
D:\0000北京构力\产品\COL\GSEC_MEGACOLUMN\MEGACAL\MEGASECTCAL\MEGASECTCAL\DEBUG\PK_MAINOUTPUT1.OBJ
D:\0000北京构力\产品\COL\GSEC_MEGACOLUMN\MEGACAL\MEGASECTCAL\MEGASECTCAL\DEBUG\PK_MAINOUTPUT2.OBJ
D:\0000北京构力\产品\COL\GSEC_MEGACOLUMN\MEGACAL\MEGASECTCAL\MEGASECTCAL\DEBUG\PK_MAINOUTPUT3.OBJ
D:\0000北京构力\产品\COL\GSEC_MEGACOLUMN\MEGACAL\MEGASECTCAL\MEGASECTCAL\DEBUG\PK_MAINOUTPUT4.OBJ
D:\0000北京构力\产品\Col\Gsec_MegaColumn\megacal\megasectcal\megasectcal\Debug\rc.command.1.tlog
D:\0000北京构力\产品\Col\Gsec_MegaColumn\megacal\megasectcal\megasectcal\Debug\rc.read.1.tlog
D:\0000北京构力\产品\Col\Gsec_MegaColumn\megacal\megasectcal\megasectcal\Debug\rc.write.1.tlog
D:\0000北京构力\产品\COL\GSEC_MEGACOLUMN\MEGACAL\MEGASECTCAL\MEGASECTCAL\DEBUG\REGKEY.OBJ
D:\0000北京构力\产品\COL\GSEC_MEGACOLUMN\MEGACAL\MEGASECTCAL\MEGASECTCAL\DEBUG\SECTPROPERTY.OBJ
D:\0000北京构力\产品\COL\GSEC_MEGACOLUMN\MEGACAL\MEGASECTCAL\MEGASECTCAL\DEBUG\SLIMXML.OBJ
D:\0000北京构力\产品\COL\GSEC_MEGACOLUMN\MEGACAL\MEGASECTCAL\MEGASECTCAL\DEBUG\STDAFX.OBJ
D:\0000北京构力\产品\COL\GSEC_MEGACOLUMN\MEGACAL\MEGASECTCAL\MEGASECTCAL\DEBUG\TOOLS.OBJ
D:\0000北京构力\产品\Col\Gsec_MegaColumn\megacal\megasectcal\megasectcal\Debug\vc100.idb
D:\0000北京构力\产品\COL\GSEC_MEGACOLUMN\MEGACAL\MEGASECTCAL\MEGASECTCAL\DEBUG\VC100.PDB
D:\0000北京构力\产品\Col\Gsec_MegaColumn\MegaColumnGui\..\WIN32_MAIN_2017_08_18\megasectcalD.dll
D:\0000北京构力\产品\Col\Gsec_MegaColumn\MegaColumnGui\..\WIN32_MAIN_2017_08_18\megasectcalD.ilk
D:\0000北京构力\产品\Col\Gsec_MegaColumn\MegaColumnGui\..\WIN32_MAIN_2017_08_18\megasectcalD.pdb
D:\0000北京构力\产品\COL\GSEC_MEGACOLUMN\WIN32_MAIN_2017_08_18\MEGASECTCALD.DLL
D:\0000北京构力\产品\Col\Gsec_MegaColumn\WIN32_MAIN_2017_08_18\megasectcalD.exp
D:\0000北京构力\产品\COL\GSEC_MEGACOLUMN\WIN32_MAIN_2017_08_18\MEGASECTCALD.ILK
D:\0000北京构力\产品\Col\Gsec_MegaColumn\WIN32_MAIN_2017_08_18\megasectcalD.lib
D:\0000北京构力\产品\COL\GSEC_MEGACOLUMN\WIN32_MAIN_2017_08_18\MEGASECTCALD.PDB
