C:\_ALL_\_DEV_\MEGACAL\MEGASECTCAL\DEBUG\MEGASECTCAL.DLL
C:\_ALL_\_Dev_\megacal\megasectcal\Debug\megasectcal.exp
C:\_ALL_\_DEV_\MEGACAL\MEGASECTCAL\DEBUG\MEGASECTCAL.ILK
C:\_ALL_\_Dev_\megacal\megasectcal\Debug\megasectcal.lib
C:\_ALL_\_DEV_\MEGACAL\MEGASECTCAL\DEBUG\MEGASECTCAL.PDB
C:\_ALL_\_DEV_\MEGACAL\MEGASECTCAL\MEGASECTCAL\DEBUG\AISC.OBJ
C:\_ALL_\_DEV_\MEGACAL\MEGASECTCAL\MEGASECTCAL\DEBUG\CHINESECODE.OBJ
C:\_ALL_\_Dev_\megacal\megasectcal\megasectcal\Debug\cl.command.1.tlog
C:\_ALL_\_Dev_\megacal\megasectcal\megasectcal\Debug\CL.read.1.tlog
C:\_ALL_\_Dev_\megacal\megasectcal\megasectcal\Debug\CL.write.1.tlog
C:\_ALL_\_DEV_\MEGACAL\MEGASECTCAL\MEGASECTCAL\DEBUG\EUROCODE.OBJ
C:\_ALL_\_DEV_\MEGACAL\MEGASECTCAL\MEGASECTCAL\DEBUG\FIBREMETHOD.OBJ
C:\_ALL_\_DEV_\MEGACAL\MEGASECTCAL\MEGASECTCAL\DEBUG\GPARA.OBJ
C:\_ALL_\_DEV_\MEGACAL\MEGASECTCAL\MEGASECTCAL\DEBUG\INTERFACECHECK.OBJ
C:\_ALL_\_DEV_\MEGACAL\MEGASECTCAL\MEGASECTCAL\DEBUG\LIBIN.OBJ
C:\_ALL_\_Dev_\megacal\megasectcal\megasectcal\Debug\link.2592.read.1.tlog
C:\_ALL_\_Dev_\megacal\megasectcal\megasectcal\Debug\link.2592.write.1.tlog
C:\_ALL_\_Dev_\megacal\megasectcal\megasectcal\Debug\link.2592-cvtres.read.1.tlog
C:\_ALL_\_Dev_\megacal\megasectcal\megasectcal\Debug\link.2592-cvtres.write.1.tlog
C:\_ALL_\_Dev_\megacal\megasectcal\megasectcal\Debug\link.2844.read.1.tlog
C:\_ALL_\_Dev_\megacal\megasectcal\megasectcal\Debug\link.2844.write.1.tlog
C:\_ALL_\_Dev_\megacal\megasectcal\megasectcal\Debug\link.2844-cvtres.read.1.tlog
C:\_ALL_\_Dev_\megacal\megasectcal\megasectcal\Debug\link.2844-cvtres.write.1.tlog
C:\_ALL_\_Dev_\megacal\megasectcal\megasectcal\Debug\link.command.1.tlog
C:\_ALL_\_Dev_\megacal\megasectcal\megasectcal\Debug\link.read.1.tlog
C:\_ALL_\_Dev_\megacal\megasectcal\megasectcal\Debug\link.write.1.tlog
C:\_ALL_\_Dev_\megacal\megasectcal\megasectcal\Debug\link-cvtres.read.1.tlog
C:\_ALL_\_Dev_\megacal\megasectcal\megasectcal\Debug\link-cvtres.write.1.tlog
C:\_ALL_\_DEV_\MEGACAL\MEGASECTCAL\MEGASECTCAL\DEBUG\MEGACALIO.OBJ
C:\_ALL_\_DEV_\MEGACAL\MEGASECTCAL\MEGASECTCAL\DEBUG\MEGACAPACITYCAL.OBJ
C:\_ALL_\_DEV_\MEGACAL\MEGASECTCAL\MEGASECTCAL\DEBUG\MEGASECTCAL.DLL.EMBED.MANIFEST
C:\_ALL_\_DEV_\MEGACAL\MEGASECTCAL\MEGASECTCAL\DEBUG\MEGASECTCAL.DLL.EMBED.MANIFEST.RES
C:\_ALL_\_DEV_\MEGACAL\MEGASECTCAL\MEGASECTCAL\DEBUG\MEGASECTCAL.DLL.INTERMEDIATE.MANIFEST
C:\_ALL_\_DEV_\MEGACAL\MEGASECTCAL\MEGASECTCAL\DEBUG\MEGASECTCAL.OBJ
C:\_ALL_\_DEV_\MEGACAL\MEGASECTCAL\MEGASECTCAL\DEBUG\MEGASECTCAL.PCH
C:\_ALL_\_DEV_\MEGACAL\MEGASECTCAL\MEGASECTCAL\DEBUG\MEGASECTCAL.RES
C:\_ALL_\_Dev_\megacal\megasectcal\megasectcal\Debug\megasectcal.write.1.tlog
C:\_ALL_\_Dev_\megacal\megasectcal\megasectcal\Debug\megasectcal_manifest.rc
C:\_ALL_\_Dev_\megacal\megasectcal\megasectcal\Debug\mt.command.1.tlog
C:\_ALL_\_Dev_\megacal\megasectcal\megasectcal\Debug\mt.read.1.tlog
C:\_ALL_\_Dev_\megacal\megasectcal\megasectcal\Debug\mt.write.1.tlog
C:\_ALL_\_Dev_\megacal\megasectcal\megasectcal\Debug\rc.command.1.tlog
C:\_ALL_\_Dev_\megacal\megasectcal\megasectcal\Debug\rc.read.1.tlog
C:\_ALL_\_Dev_\megacal\megasectcal\megasectcal\Debug\rc.write.1.tlog
C:\_ALL_\_DEV_\MEGACAL\MEGASECTCAL\MEGASECTCAL\DEBUG\SECTPROPERTY.OBJ
C:\_ALL_\_DEV_\MEGACAL\MEGASECTCAL\MEGASECTCAL\DEBUG\STDAFX.OBJ
C:\_ALL_\_DEV_\MEGACAL\MEGASECTCAL\MEGASECTCAL\DEBUG\TOOLS.OBJ
C:\_ALL_\_Dev_\megacal\megasectcal\megasectcal\Debug\vc100.idb
C:\_ALL_\_DEV_\MEGACAL\MEGASECTCAL\MEGASECTCAL\DEBUG\VC100.PDB
