生成启动时间为 2018/3/30/周五 21:13:36。
     1>项目“D:\Dev\megacal\megasectcal\megasectcal\megasectcal.vcxproj”在节点 2 上(build 个目标)。
     1>C:\Program Files (x86)\MSBuild\Microsoft.Cpp\v4.0\Microsoft.CppBuild.targets(299,5): warning MSB8004: Output 目录未以斜杠结尾。此生成实例将添加斜杠，因为必须有这个斜杠才能正确计算 Output 目录。
     1>InitializeBuildStatus:
         正在创建“Release\megasectcal.unsuccessfulbuild”，因为已指定“AlwaysCreate”。
       ClCompile:
         所有输出均为最新。
         所有输出均为最新。
         所有输出均为最新。
       ResourceCompile:
         所有输出均为最新。
       Link:
         所有输出均为最新。
         megasectcal.vcxproj -> D:\Dev\MegaColumnGui\..\WIN32_MAIN_2017_08_18\megasectcal.dll
       Manifest:
         所有输出均为最新。
       FinalizeBuildStatus:
         正在删除文件“Release\megasectcal.unsuccessfulbuild”。
         正在对“Release\megasectcal.lastbuildstate”执行 Touch 任务。
     1>已完成生成项目“D:\Dev\megacal\megasectcal\megasectcal\megasectcal.vcxproj”(build 个目标)的操作。

生成成功。

已用时间 00:00:00.12
