C:\_ALL_\_DEV_\MEGACAL\MEGASECTCAL\MEGASECTCAL\RELEASE\AISC.OBJ
C:\_ALL_\_DEV_\MEGACAL\MEGASECTCAL\MEGASECTCAL\RELEASE\CFGSVR.OBJ
C:\_ALL_\_DEV_\MEGACAL\MEGASECTCAL\MEGASECTCAL\RELEASE\CHINESECODE.OBJ
C:\_ALL_\_Dev_\megacal\megasectcal\megasectcal\Release\cl.command.1.tlog
C:\_ALL_\_Dev_\megacal\megasectcal\megasectcal\Release\CL.read.1.tlog
C:\_ALL_\_Dev_\megacal\megasectcal\megasectcal\Release\CL.write.1.tlog
C:\_ALL_\_DEV_\MEGACAL\MEGASECTCAL\MEGASECTCAL\RELEASE\CONFIGGEN.OBJ
C:\_ALL_\_DEV_\MEGACAL\MEGASECTCAL\MEGASECTCAL\RELEASE\EUROCODE.OBJ
C:\_ALL_\_DEV_\MEGACAL\MEGASECTCAL\MEGASECTCAL\RELEASE\FIBREMETHOD.OBJ
C:\_ALL_\_DEV_\MEGACAL\MEGASECTCAL\MEGASECTCAL\RELEASE\FORCE_COMBINE.OBJ
C:\_ALL_\_DEV_\MEGACAL\MEGASECTCAL\MEGASECTCAL\RELEASE\GLOBALRESULT.OBJ
C:\_ALL_\_DEV_\MEGACAL\MEGASECTCAL\MEGASECTCAL\RELEASE\GPARA.OBJ
C:\_ALL_\_DEV_\MEGACAL\MEGASECTCAL\MEGASECTCAL\RELEASE\GREPORT.OBJ
C:\_ALL_\_DEV_\MEGACAL\MEGASECTCAL\MEGASECTCAL\RELEASE\INFOITEM.OBJ
C:\_ALL_\_DEV_\MEGACAL\MEGASECTCAL\MEGASECTCAL\RELEASE\INTERFACECHECK.OBJ
C:\_ALL_\_DEV_\MEGACAL\MEGASECTCAL\MEGASECTCAL\RELEASE\INTERFACEHEADER_CPP.OBJ
C:\_ALL_\_DEV_\MEGACAL\MEGASECTCAL\MEGASECTCAL\RELEASE\JSONCPP.OBJ
C:\_ALL_\_Dev_\megacal\megasectcal\megasectcal\Release\link.command.1.tlog
C:\_ALL_\_Dev_\megacal\megasectcal\megasectcal\Release\link.read.1.tlog
C:\_ALL_\_Dev_\megacal\megasectcal\megasectcal\Release\link.write.1.tlog
C:\_ALL_\_Dev_\megacal\megasectcal\megasectcal\Release\link-cvtres.read.1.tlog
C:\_ALL_\_Dev_\megacal\megasectcal\megasectcal\Release\link-cvtres.write.1.tlog
C:\_ALL_\_DEV_\MEGACAL\MEGASECTCAL\MEGASECTCAL\RELEASE\MEGACALCMD.OBJ
C:\_ALL_\_DEV_\MEGACAL\MEGASECTCAL\MEGASECTCAL\RELEASE\MEGACALINTERFACE.OBJ
C:\_ALL_\_DEV_\MEGACAL\MEGASECTCAL\MEGASECTCAL\RELEASE\MEGACALIO.OBJ
C:\_ALL_\_DEV_\MEGACAL\MEGASECTCAL\MEGASECTCAL\RELEASE\MEGACAPACITYCAL.OBJ
C:\_ALL_\_DEV_\MEGACAL\MEGASECTCAL\MEGASECTCAL\RELEASE\MEGADRAWINGIMP.OBJ
C:\_ALL_\_DEV_\MEGACAL\MEGASECTCAL\MEGASECTCAL\RELEASE\MEGASECTCAL.DLL.INTERMEDIATE.MANIFEST
C:\_ALL_\_DEV_\MEGACAL\MEGASECTCAL\MEGASECTCAL\RELEASE\MEGASECTCAL.OBJ
C:\_ALL_\_DEV_\MEGACAL\MEGASECTCAL\MEGASECTCAL\RELEASE\MEGASECTCAL.PCH
C:\_ALL_\_DEV_\MEGACAL\MEGASECTCAL\MEGASECTCAL\RELEASE\MEGASECTCAL.RES
C:\_ALL_\_Dev_\megacal\megasectcal\megasectcal\Release\megasectcal.write.1.tlog
C:\_ALL_\_Dev_\megacal\megasectcal\megasectcal\Release\mt.command.1.tlog
C:\_ALL_\_Dev_\megacal\megasectcal\megasectcal\Release\mt.read.1.tlog
C:\_ALL_\_Dev_\megacal\megasectcal\megasectcal\Release\mt.write.1.tlog
C:\_ALL_\_DEV_\MEGACAL\MEGASECTCAL\MEGASECTCAL\RELEASE\PK_MAINOUTPUT1.OBJ
C:\_ALL_\_DEV_\MEGACAL\MEGASECTCAL\MEGASECTCAL\RELEASE\PK_MAINOUTPUT2.OBJ
C:\_ALL_\_DEV_\MEGACAL\MEGASECTCAL\MEGASECTCAL\RELEASE\PK_MAINOUTPUT3.OBJ
C:\_ALL_\_DEV_\MEGACAL\MEGASECTCAL\MEGASECTCAL\RELEASE\PK_MAINOUTPUT4.OBJ
C:\_ALL_\_Dev_\megacal\megasectcal\megasectcal\Release\rc.command.1.tlog
C:\_ALL_\_Dev_\megacal\megasectcal\megasectcal\Release\rc.read.1.tlog
C:\_ALL_\_Dev_\megacal\megasectcal\megasectcal\Release\rc.write.1.tlog
C:\_ALL_\_DEV_\MEGACAL\MEGASECTCAL\MEGASECTCAL\RELEASE\REGKEY.OBJ
C:\_ALL_\_DEV_\MEGACAL\MEGASECTCAL\MEGASECTCAL\RELEASE\SECTPROPERTY.OBJ
C:\_ALL_\_DEV_\MEGACAL\MEGASECTCAL\MEGASECTCAL\RELEASE\SLIMXML.OBJ
C:\_ALL_\_DEV_\MEGACAL\MEGASECTCAL\MEGASECTCAL\RELEASE\STDAFX.OBJ
C:\_ALL_\_DEV_\MEGACAL\MEGASECTCAL\MEGASECTCAL\RELEASE\TOOLS.OBJ
C:\_ALL_\_DEV_\MEGACAL\MEGASECTCAL\MEGASECTCAL\RELEASE\VC100.PDB
D:\WIN32_MAIN_2017_08_18_0 1\MEGASECTCAL.DLL
D:\WIN32_MAIN_2017_08_18_0 1\megasectcal.exp
D:\WIN32_MAIN_2017_08_18_0 1\megasectcal.lib
D:\WIN32_MAIN_2017_08_18_0 1\MEGASECTCAL.PDB
